TN:
SF:/Users/Rinzler/Projects/Personal/es6-event-emitter/src/emitter.js
FN:19,_interopRequireDefault
FN:23,(anonymous_2)
FN:24,Emitter
FN:36,on
FN:54,off
FN:69,(anonymous_6)
FN:85,trigger
FN:101,(anonymous_8)
FN:110,get
FNF:9
FNH:9
FNDA:9,_interopRequireDefault
FNDA:3,(anonymous_2)
FNDA:12,Emitter
FNDA:11,on
FNDA:5,off
FNDA:2,(anonymous_6)
FNDA:12,trigger
FNDA:7,(anonymous_8)
FNDA:50,get
DA:0,9
DA:3,3
DA:6,12
DA:7,12
DA:11,12
DA:15,11
DA:16,1
DA:19,10
DA:20,1
DA:23,9
DA:24,9
DA:26,9
DA:28,9
DA:32,5
DA:33,1
DA:36,4
DA:37,1
DA:40,3
DA:41,1
DA:44,2
DA:46,2
DA:47,2
DA:48,2
DA:52,2
DA:53,2
DA:55,2
DA:58,2
DA:61,12
DA:62,12
DA:63,1
DA:66,11
DA:68,11
DA:69,7
DA:71,7
DA:72,7
DA:76,9
DA:80,50
LF:37
LH:37
BRDA:19,1,0,9
BRDA:19,1,1,0
BRDA:19,2,0,9
BRDA:19,2,1,9
BRDA:37,3,0,1
BRDA:37,3,1,10
BRDA:41,4,0,1
BRDA:41,4,1,9
BRDA:45,5,0,9
BRDA:45,5,1,9
BRDA:55,6,0,1
BRDA:55,6,1,4
BRDA:59,7,0,1
BRDA:59,7,1,3
BRDA:63,8,0,1
BRDA:63,8,1,2
BRDA:70,9,0,2
BRDA:70,9,1,0
BRDA:75,10,0,2
BRDA:75,10,1,0
BRDA:92,11,0,1
BRDA:92,11,1,11
BRDA:98,12,0,7
BRDA:98,12,1,4
BRF:24
BRH:22
end_of_record
