TN:
SF:/Users/williamkasel/Dev/my-os-projects/es6-event-emitter/src/emitter.js
FN:19,_interopRequireDefault
FN:23,(anonymous_2)
FN:24,Emitter
FN:36,on
FN:59,off
FN:74,(anonymous_6)
FN:90,trigger
FN:105,(anonymous_8)
FN:110,(anonymous_9)
FN:120,once
FN:125,destroy
FN:132,get
FNF:12
FNH:12
FNDA:9,_interopRequireDefault
FNDA:3,(anonymous_2)
FNDA:14,Emitter
FNDA:13,on
FNDA:5,off
FNDA:2,(anonymous_6)
FNDA:14,trigger
FNDA:8,(anonymous_8)
FNDA:1,(anonymous_9)
FNDA:1,once
FNDA:1,destroy
FNDA:59,get
DA:0,9
DA:1,3
DA:4,14
DA:5,14
DA:9,14
DA:12,13
DA:13,13
DA:14,1
DA:17,12
DA:18,1
DA:21,11
DA:22,11
DA:27,11
DA:29,11
DA:33,5
DA:34,1
DA:37,4
DA:38,1
DA:41,3
DA:42,1
DA:45,2
DA:47,2
DA:48,2
DA:49,2
DA:53,2
DA:54,2
DA:56,2
DA:59,2
DA:62,14
DA:63,14
DA:64,1
DA:67,13
DA:68,13
DA:70,13
DA:71,9
DA:72,8
DA:74,8
DA:76,8
DA:77,1
DA:82,13
DA:86,1
DA:90,1
DA:92,1
DA:96,59
LF:44
LH:44
BRDA:19,1,0,9
BRDA:19,1,1,0
BRDA:19,2,0,9
BRDA:19,2,1,9
BRDA:37,3,0,1
BRDA:37,3,1,12
BRDA:37,4,0,13
BRDA:37,4,1,1
BRDA:39,5,0,1
BRDA:39,5,1,12
BRDA:43,6,0,1
BRDA:43,6,1,11
BRDA:47,7,0,11
BRDA:47,7,1,11
BRDA:60,8,0,1
BRDA:60,8,1,4
BRDA:64,9,0,1
BRDA:64,9,1,3
BRDA:68,10,0,1
BRDA:68,10,1,2
BRDA:75,11,0,2
BRDA:75,11,1,0
BRDA:80,12,0,2
BRDA:80,12,1,0
BRDA:97,13,0,1
BRDA:97,13,1,13
BRDA:104,14,0,9
BRDA:104,14,1,4
BRDA:108,15,0,1
BRDA:108,15,1,7
BRF:30
BRH:28
end_of_record
